[logging-fallback] config:info Register request failed with status 400
[logging-fallback] middleware:info Register request failed with status 400
[logging-fallback] middleware:info Register request failed with status 400
[logging-fallback] route:debug Register request failed with status 400
[logging-fallback] controller:info Register request failed with status 400
[logging-fallback] service:debug Register request failed with status 400
[logging-fallback] repository:debug Register request failed with status 400
[logging-fallback] db:debug Register request failed with status 400
[logging-fallback] db:info Register request failed with status 400
[logging-fallback] service:info Register request failed with status 400
[logging-fallback] middleware:info Register request failed with status 400
[logging-fallback] middleware:info Register request failed with status 400
[logging-fallback] middleware:info Register request failed with status 400
[logging-fallback] middleware:info Register request failed with status 400
[logging-fallback] route:debug Register request failed with status 400
[logging-fallback] controller:info Register request failed with status 400
[logging-fallback] service:debug Register request failed with status 400
[logging-fallback] repository:debug Register request failed with status 400
[logging-fallback] db:debug Register request failed with status 400
[logging-fallback] db:info Register request failed with status 400
[logging-fallback] service:info Register request failed with status 400
[logging-fallback] handler:warn Register request failed with status 400
[logging-fallback] middleware:info Register request failed with status 400
[logging-fallback] route:debug Register request failed with status 400
[logging-fallback] controller:info Register request failed with status 400
[logging-fallback] service:debug Register request failed with status 400
[logging-fallback] repository:debug Register request failed with status 400
[logging-fallback] db:debug Register request failed with status 400
[logging-fallback] db:info Register request failed with status 400
[logging-fallback] service:info Register request failed with status 400
[logging-fallback] middleware:info Register request failed with status 400
[logging-fallback] route:debug Register request failed with status 400
[logging-fallback] controller:info Register request failed with status 400
[logging-fallback] service:debug Register request failed with status 400
[logging-fallback] repository:debug Register request failed with status 400
[logging-fallback] db:debug Register request failed with status 400
[logging-fallback] db:info Register request failed with status 400
[logging-fallback] db:debug Register request failed with status 400
[logging-fallback] db:info Register request failed with status 400
[logging-fallback] repository:info Register request failed with status 400
[logging-fallback] service:info Register request failed with status 400
[logging-fallback] middleware:info Register request failed with status 400
[logging-fallback] middleware:info Register request failed with status 400
[logging-fallback] middleware:info Register request failed with status 400
[logging-fallback] middleware:info Register request failed with status 400
[logging-fallback] middleware:info Register request failed with status 400
[logging-fallback] middleware:info Register request failed with status 400
[logging-fallback] middleware:info Register request failed with status 400
[logging-fallback] middleware:info Register request failed with status 400
[logging-fallback] middleware:info Register request failed with status 400
[logging-fallback] middleware:info Register request failed with status 400
[logging-fallback] middleware:info Register request failed with status 400
[logging-fallback] route:debug Register request failed with status 400
[logging-fallback] controller:info Register request failed with status 400
[logging-fallback] service:debug Register request failed with status 400
[logging-fallback] repository:debug Register request failed with status 400
[logging-fallback] db:debug Register request failed with status 400
[logging-fallback] db:info Register request failed with status 400
[logging-fallback] service:info Register request failed with status 400
[logging-fallback] middleware:info Register request failed with status 400
[logging-fallback] route:debug Register request failed with status 400
[logging-fallback] controller:info Register request failed with status 400
[logging-fallback] service:debug Register request failed with status 400
[logging-fallback] repository:debug Register request failed with status 400
[logging-fallback] db:debug Register request failed with status 400
[logging-fallback] db:info Register request failed with status 400
[logging-fallback] service:info Register request failed with status 400
[logging-fallback] middleware:info Register request failed with status 400
[logging-fallback] route:debug Register request failed with status 400
[logging-fallback] controller:info Register request failed with status 400
[logging-fallback] service:debug Register request failed with status 400
[logging-fallback] repository:debug Register request failed with status 400
[logging-fallback] db:debug Register request failed with status 400
[logging-fallback] db:info Register request failed with status 400
[logging-fallback] db:debug Register request failed with status 400
[logging-fallback] db:info Register request failed with status 400
[logging-fallback] repository:info Register request failed with status 400
[logging-fallback] service:info Register request failed with status 400
[logging-fallback] middleware:info Register request failed with status 400
[logging-fallback] middleware:info Register request failed with status 400
[logging-fallback] middleware:info Register request failed with status 400
[logging-fallback] middleware:info Register request failed with status 400
[logging-fallback] middleware:info Register request failed with status 400
[logging-fallback] middleware:info Register request failed with status 400
[logging-fallback] middleware:info Register request failed with status 400
[logging-fallback] middleware:info Register request failed with status 400
[logging-fallback] middleware:info Register request failed with status 400
[logging-fallback] middleware:info Register request failed with status 400
[logging-fallback] middleware:info Register request failed with status 400
[logging-fallback] middleware:info Register request failed with status 400
[logging-fallback] config:info Register request failed with status 400
[logging-fallback] middleware:info Register request failed with status 400
[logging-fallback] middleware:info Register request failed with status 400
[logging-fallback] middleware:info Register request failed with status 400
[logging-fallback] api:debug Register request failed with status 400
[logging-fallback] middleware:info Register request failed with status 400
[logging-fallback] api:debug Register request failed with status 400
[logging-fallback] middleware:info Register request failed with status 400
[logging-fallback] route:debug Register request failed with status 400
[logging-fallback] controller:info Register request failed with status 400
[logging-fallback] service:debug Register request failed with status 400
[logging-fallback] repository:debug Register request failed with status 400
[logging-fallback] db:debug Register request failed with status 400
[logging-fallback] db:info Register request failed with status 400
[logging-fallback] service:info Register request failed with status 400
[logging-fallback] middleware:info Register request failed with status 400
[logging-fallback] route:debug Register request failed with status 400
[logging-fallback] controller:info Register request failed with status 400
[logging-fallback] service:debug Register request failed with status 400
[logging-fallback] repository:debug Register request failed with status 400
[logging-fallback] db:debug Register request failed with status 400
[logging-fallback] db:info Register request failed with status 400
[logging-fallback] service:info Register request failed with status 400
[logging-fallback] middleware:info Register request failed with status 400
[logging-fallback] api:info Register request failed with status 400
[logging-fallback] middleware:info Register request failed with status 400
[logging-fallback] api:info Register request failed with status 400
[logging-fallback] middleware:info Register request failed with status 400
[logging-fallback] hook:info Register request failed with status 400
[logging-fallback] middleware:info Register request failed with status 400
[logging-fallback] hook:info Register request failed with status 400
[logging-fallback] middleware:info Register request failed with status 400
